Using pre-set license
Built from '2021.3/staging' branch; Version is '2021.3.19f1 (c9714fde33b6) revision 13201743'; Using compiler version '192829333'; Build Type 'Release'
OS: 'Windows 11  (10.0.22621) 64bit Core' Language: 'en' Physical Memory: 16215 MB
BatchMode: 1, IsHumanControllingUs: 0, StartBugReporterOnCrash: 0, Is64bit: 1, IsPro: 1

COMMAND LINE ARGUMENTS:
C:\Program Files\Unity\Hub\Editor\2021.3.19f1\Editor\Unity.exe
-adb2
-batchMode
-noUpm
-name
AssetImportWorker1
-projectPath
C:/Users/Addary/Documents/GitHub/Lappy-Geek-3.0/Lappy Geek
-logFile
Logs/AssetImportWorker1.log
-srvPort
59063
Successfully changed project path to: C:/Users/Addary/Documents/GitHub/Lappy-Geek-3.0/Lappy Geek
C:/Users/Addary/Documents/GitHub/Lappy-Geek-3.0/Lappy Geek
[UnityMemory] Configuration Parameters - Can be set up in boot.config
    "memorysetup-bucket-allocator-granularity=16"
    "memorysetup-bucket-allocator-bucket-count=8"
    "memorysetup-bucket-allocator-block-size=33554432"
    "memorysetup-bucket-allocator-block-count=8"
    "memorysetup-main-allocator-block-size=16777216"
    "memorysetup-thread-allocator-block-size=16777216"
    "memorysetup-gfx-main-allocator-block-size=16777216"
    "memorysetup-gfx-thread-allocator-block-size=16777216"
    "memorysetup-cache-allocator-block-size=4194304"
    "memorysetup-typetree-allocator-block-size=2097152"
    "memorysetup-profiler-bucket-allocator-granularity=16"
    "memorysetup-profiler-bucket-allocator-bucket-count=8"
    "memorysetup-profiler-bucket-allocator-block-size=33554432"
    "memorysetup-profiler-bucket-allocator-block-count=8"
    "memorysetup-profiler-allocator-block-size=16777216"
    "memorysetup-profiler-editor-allocator-block-size=1048576"
    "memorysetup-temp-allocator-size-main=16777216"
    "memorysetup-job-temp-allocator-block-size=2097152"
    "memorysetup-job-temp-allocator-block-size-background=1048576"
    "memorysetup-job-temp-allocator-reduction-small-platforms=262144"
    "memorysetup-temp-allocator-size-background-worker=32768"
    "memorysetup-temp-allocator-size-job-worker=262144"
    "memorysetup-temp-allocator-size-preload-manager=33554432"
    "memorysetup-temp-allocator-size-nav-mesh-worker=65536"
    "memorysetup-temp-allocator-size-audio-worker=65536"
    "memorysetup-temp-allocator-size-cloud-worker=32768"
    "memorysetup-temp-allocator-size-gi-baking-worker=262144"
    "memorysetup-temp-allocator-size-gfx=262144"
Player connection [16528] Host "[IP] 192.168.1.10 [Port] 0 [Flags] 2 [Guid] 4045724271 [EditorId] 4045724271 [Version] 1048832 [Id] WindowsEditor(7,Itsmeaddary) [Debug] 1 [PackageName] WindowsEditor [ProjectName] Editor" joined multi-casting on [225.0.0.222:54997]...

Player connection [16528] Host "[IP] 192.168.1.10 [Port] 0 [Flags] 2 [Guid] 4045724271 [EditorId] 4045724271 [Version] 1048832 [Id] WindowsEditor(7,Itsmeaddary) [Debug] 1 [PackageName] WindowsEditor [ProjectName] Editor" joined alternative multi-casting on [225.0.0.222:34997]...

Refreshing native plugins compatible for Editor in 88.79 ms, found 3 plugins.
Preloading 0 native plugins for Editor in 0.00 ms.
Initialize engine version: 2021.3.19f1 (c9714fde33b6)
[Subsystems] Discovering subsystems at path C:/Program Files/Unity/Hub/Editor/2021.3.19f1/Editor/Data/Resources/UnitySubsystems
[Subsystems] Discovering subsystems at path C:/Users/Addary/Documents/GitHub/Lappy-Geek-3.0/Lappy Geek/Assets
GfxDevice: creating device client; threaded=0; jobified=0
Direct3D:
    Version:  Direct3D 11.0 [level 11.1]
    Renderer: NVIDIA GeForce RTX 2060 (ID=0x1f15)
    Vendor:   NVIDIA
    VRAM:     5968 MB
    Driver:   31.0.15.3141
Initialize mono
Mono path[0] = 'C:/Program Files/Unity/Hub/Editor/2021.3.19f1/Editor/Data/Managed'
Mono path[1] = 'C:/Program Files/Unity/Hub/Editor/2021.3.19f1/Editor/Data/MonoBleedingEdge/lib/mono/unityjit-win32'
Mono config path = 'C:/Program Files/Unity/Hub/Editor/2021.3.19f1/Editor/Data/MonoBleedingEdge/etc'
Using monoOptions --debugger-agent=transport=dt_socket,embedding=1,server=y,suspend=n,address=127.0.0.1:56372
Begin MonoManager ReloadAssembly
Registering precompiled unity dll's ...
Register platform support module: C:/Program Files/Unity/Hub/Editor/2021.3.19f1/Editor/Data/PlaybackEngines/WindowsStandaloneSupport/UnityEditor.WindowsStandalone.Extensions.dll
Registered in 0.004771 seconds.
Native extension for WindowsStandalone target not found
Refreshing native plugins compatible for Editor in 77.73 ms, found 3 plugins.
Preloading 0 native plugins for Editor in 0.00 ms.
Mono: successfully reloaded assembly
- Completed reload, in  0.628 seconds
Domain Reload Profiling:
	ReloadAssembly (628ms)
		BeginReloadAssembly (69ms)
			ExecutionOrderSort (0ms)
			DisableScriptedObjects (0ms)
			BackupInstance (0ms)
			ReleaseScriptingObjects (0ms)
			CreateAndSetChildDomain (1ms)
		EndReloadAssembly (450ms)
			LoadAssemblies (67ms)
			RebuildTransferFunctionScriptingTraits (0ms)
			SetupTypeCache (113ms)
			ReleaseScriptCaches (0ms)
			RebuildScriptCaches (28ms)
			SetupLoadedEditorAssemblies (261ms)
				LogAssemblyErrors (0ms)
				InitializePlatformSupportModulesInManaged (7ms)
				SetLoadedEditorAssemblies (0ms)
				RefreshPlugins (78ms)
				BeforeProcessingInitializeOnLoad (1ms)
				ProcessInitializeOnLoadAttributes (123ms)
				ProcessInitializeOnLoadMethodAttributes (51ms)
				AfterProcessingInitializeOnLoad (0ms)
				EditorAssembliesLoaded (0ms)
			ExecutionOrderSort2 (0ms)
			AwakeInstancesAfterBackupRestoration (0ms)
Platform modules already initialized, skipping
Registering precompiled user dll's ...
Registered in 0.005256 seconds.
Begin MonoManager ReloadAssembly
Symbol file LoadedFromMemory doesn't match image C:\Users\Addary\Documents\GitHub\Lappy-Geek-3.0\Lappy Geek\Library\PackageCache\com.unity.visualscripting@1.8.0\Editor\VisualScripting.Core\Dependencies\YamlDotNet\Unity.VisualScripting.YamlDotNet.dll
Symbol file LoadedFromMemory doesn't match image C:\Users\Addary\Documents\GitHub\Lappy-Geek-3.0\Lappy Geek\Library\PackageCache\com.unity.visualscripting@1.8.0\Editor\VisualScripting.Core\Dependencies\DotNetZip\Unity.VisualScripting.IonicZip.dll
Native extension for WindowsStandalone target not found
Refreshing native plugins compatible for Editor in 0.58 ms, found 3 plugins.
Preloading 0 native plugins for Editor in 0.00 ms.
Mono: successfully reloaded assembly
- Completed reload, in  1.054 seconds
Domain Reload Profiling:
	ReloadAssembly (1055ms)
		BeginReloadAssembly (111ms)
			ExecutionOrderSort (0ms)
			DisableScriptedObjects (6ms)
			BackupInstance (0ms)
			ReleaseScriptingObjects (0ms)
			CreateAndSetChildDomain (20ms)
		EndReloadAssembly (814ms)
			LoadAssemblies (73ms)
			RebuildTransferFunctionScriptingTraits (0ms)
			SetupTypeCache (264ms)
			ReleaseScriptCaches (1ms)
			RebuildScriptCaches (48ms)
			SetupLoadedEditorAssemblies (383ms)
				LogAssemblyErrors (0ms)
				InitializePlatformSupportModulesInManaged (7ms)
				SetLoadedEditorAssemblies (0ms)
				RefreshPlugins (1ms)
				BeforeProcessingInitializeOnLoad (91ms)
				ProcessInitializeOnLoadAttributes (256ms)
				ProcessInitializeOnLoadMethodAttributes (21ms)
				AfterProcessingInitializeOnLoad (7ms)
				EditorAssembliesLoaded (0ms)
			ExecutionOrderSort2 (0ms)
			AwakeInstancesAfterBackupRestoration (6ms)
Platform modules already initialized, skipping
========================================================================
Worker process is ready to serve import requests
Launched and connected shader compiler UnityShaderCompiler.exe after 0.04 seconds
Refreshing native plugins compatible for Editor in 1.03 ms, found 3 plugins.
Preloading 0 native plugins for Editor in 0.00 ms.
Unloading 3048 Unused Serialized files (Serialized files now loaded: 0)
Unloading 24 unused Assets / (113.6 KB). Loaded Objects now: 3511.
Memory consumption went from 108.4 MB to 108.3 MB.
Total: 5.494600 ms (FindLiveObjects: 0.532600 ms CreateObjectMapping: 0.494300 ms MarkObjects: 4.023300 ms  DeleteObjects: 0.442400 ms)

AssetImportParameters requested are different than current active one (requested -> active):
  custom:video-decoder-ogg-theora: a1e56fd34408186e4bbccfd4996cb3dc -> 
  custom:container-muxer-webm: aa71ff27fc2769a1b78a27578f13a17b -> 
  custom:container-demuxer-webm: 4f35f7cbe854078d1ac9338744f61a02 -> 
  custom:video-encoder-webm-vp8: eb34c28f22e8b96e1ab97ce403110664 -> 
  custom:audio-encoder-webm-vorbis: bf7c407c2cedff20999df2af8eb42d56 -> 
  custom:framework-win-MediaFoundation: 216162199b28c13a410421893ffa2e32 -> 
  custom:container-demuxer-ogg: 62fdf1f143b41e24485cea50d1cbac27 -> 
  custom:video-decoder-webm-vp8: 9c59270c3fd7afecdb556c50c9e8de78 -> 
  custom:audio-decoder-ogg-vorbis: bf7c407c2cedff20999df2af8eb42d56 -> 
========================================================================
Received Import Request.
  Time since last request: 598970.209728 seconds.
  path: Assets/Scenes/SampleScene.unity
  artifactKey: Guid(9fc0d4010bbf28b4594072e72b8655ab) Importer(815301076,1909f56bfc062723c751e8b465ee728b)
Start importing Assets/Scenes/SampleScene.unity using Guid(9fc0d4010bbf28b4594072e72b8655ab) Importer(815301076,1909f56bfc062723c751e8b465ee728b)  -> (artifact id: 'ffbe98017b24c9b972114ddfbce09f9f') in 0.018381 seconds 
========================================================================
Received Import Request.
  Time since last request: 89.184865 seconds.
  path: Assets/Low Poly Furniture/Prefabs/Mouse/Big Mouse.prefab
  artifactKey: Guid(5e8c4682cdcb0a94793f03b352b44710) Importer(815301076,1909f56bfc062723c751e8b465ee728b)
Start importing Assets/Low Poly Furniture/Prefabs/Mouse/Big Mouse.prefab using Guid(5e8c4682cdcb0a94793f03b352b44710) Importer(815301076,1909f56bfc062723c751e8b465ee728b)  -> (artifact id: 'c993d2d06dc52039c04b2b771303b432') in 0.167785 seconds 
========================================================================
Received Import Request.
  Time since last request: 0.000031 seconds.
  path: Assets/Low Poly Furniture/Prefabs/Case/Dark Case.prefab
  artifactKey: Guid(39082e1a4c9dd8d4f9eb27b338daa3a7) Importer(815301076,1909f56bfc062723c751e8b465ee728b)
Start importing Assets/Low Poly Furniture/Prefabs/Case/Dark Case.prefab using Guid(39082e1a4c9dd8d4f9eb27b338daa3a7) Importer(815301076,1909f56bfc062723c751e8b465ee728b)  -> (artifact id: '332d4b0b65ffd5f246f85a6e31efe51c') in 0.025659 seconds 
========================================================================
Received Import Request.
  Time since last request: 0.000025 seconds.
  path: Assets/Low Poly Furniture/Prefabs/Flower/Blue Flower.prefab
  artifactKey: Guid(519d9508d15314641a87cd2f280cf85c) Importer(815301076,1909f56bfc062723c751e8b465ee728b)
Start importing Assets/Low Poly Furniture/Prefabs/Flower/Blue Flower.prefab using Guid(519d9508d15314641a87cd2f280cf85c) Importer(815301076,1909f56bfc062723c751e8b465ee728b)  -> (artifact id: '12c928f1ffbec5e50552ad5e245171b1') in 0.023601 seconds 
========================================================================
Received Import Request.
  Time since last request: 0.000018 seconds.
  path: Assets/Low Poly Furniture/Prefabs/Couch/L-Shaped Couch.prefab
  artifactKey: Guid(b7c1d7bef3c9c8444a9260a8cdc9e891) Importer(815301076,1909f56bfc062723c751e8b465ee728b)
Start importing Assets/Low Poly Furniture/Prefabs/Couch/L-Shaped Couch.prefab using Guid(b7c1d7bef3c9c8444a9260a8cdc9e891) Importer(815301076,1909f56bfc062723c751e8b465ee728b)  -> (artifact id: '2824d1b1a380431150e3b5d792142403') in 0.021493 seconds 
========================================================================
Received Import Request.
  Time since last request: 0.000021 seconds.
  path: Assets/Low Poly Furniture/Prefabs/Flower/Triple Flower.prefab
  artifactKey: Guid(dda99278950b796449f1c83e0d5a0078) Importer(815301076,1909f56bfc062723c751e8b465ee728b)
Start importing Assets/Low Poly Furniture/Prefabs/Flower/Triple Flower.prefab using Guid(dda99278950b796449f1c83e0d5a0078) Importer(815301076,1909f56bfc062723c751e8b465ee728b)  -> (artifact id: '1eca975d148b5015e9aafd24ea7075f4') in 0.022084 seconds 
========================================================================
Received Import Request.
  Time since last request: 0.000027 seconds.
  path: Assets/Low Poly Furniture/Prefabs/Table/Table.prefab
  artifactKey: Guid(e8fdddcfe6bbce444aff1122997577f4) Importer(815301076,1909f56bfc062723c751e8b465ee728b)
Start importing Assets/Low Poly Furniture/Prefabs/Table/Table.prefab using Guid(e8fdddcfe6bbce444aff1122997577f4) Importer(815301076,1909f56bfc062723c751e8b465ee728b)  -> (artifact id: '0b759b29041f8c07935556974b712727') in 0.022083 seconds 
========================================================================
Received Import Request.
  Time since last request: 0.000027 seconds.
  path: Assets/Low Poly Furniture/Prefabs/Bookshelf/Standart Bookshelf.prefab
  artifactKey: Guid(7abc5df1f075a844e93c14e4a85be936) Importer(815301076,1909f56bfc062723c751e8b465ee728b)
Start importing Assets/Low Poly Furniture/Prefabs/Bookshelf/Standart Bookshelf.prefab using Guid(7abc5df1f075a844e93c14e4a85be936) Importer(815301076,1909f56bfc062723c751e8b465ee728b)  -> (artifact id: '9a116d552582ec008f249a97f6f13e89') in 0.020817 seconds 
========================================================================
Received Import Request.
  Time since last request: 0.000028 seconds.
  path: Assets/Low Poly Furniture/Prefabs/Lamp/Lamp.prefab
  artifactKey: Guid(3dec8914decffc747832ead31a1e1d0a) Importer(815301076,1909f56bfc062723c751e8b465ee728b)
Start importing Assets/Low Poly Furniture/Prefabs/Lamp/Lamp.prefab using Guid(3dec8914decffc747832ead31a1e1d0a) Importer(815301076,1909f56bfc062723c751e8b465ee728b)  -> (artifact id: '9d061ba1bd8ba937b123e1b9edcfbfe4') in 0.021303 seconds 
========================================================================
Received Import Request.
  Time since last request: 0.000026 seconds.
  path: Assets/Low Poly Furniture/Prefabs/Vase/Pink Vase.prefab
  artifactKey: Guid(b2f6d75dfcfd9154ca36c2fc7880137c) Importer(815301076,1909f56bfc062723c751e8b465ee728b)
Start importing Assets/Low Poly Furniture/Prefabs/Vase/Pink Vase.prefab using Guid(b2f6d75dfcfd9154ca36c2fc7880137c) Importer(815301076,1909f56bfc062723c751e8b465ee728b)  -> (artifact id: 'cbd0ff701970c7f7c4a7104fdcc37243') in 0.022883 seconds 
========================================================================
Received Import Request.
  Time since last request: 0.000024 seconds.
  path: Assets/Low Poly Furniture/Prefabs/Book/Black Book.prefab
  artifactKey: Guid(9e604626216d36b4bb52967cf3b88713) Importer(815301076,1909f56bfc062723c751e8b465ee728b)
Start importing Assets/Low Poly Furniture/Prefabs/Book/Black Book.prefab using Guid(9e604626216d36b4bb52967cf3b88713) Importer(815301076,1909f56bfc062723c751e8b465ee728b)  -> (artifact id: 'f25428aca8d260dd719c849a0c596522') in 0.023875 seconds 
========================================================================
Received Import Request.
  Time since last request: 0.000049 seconds.
  path: Assets/Low Poly Furniture/Prefabs/Table/Round Table.prefab
  artifactKey: Guid(0f76269ae1c485146a382146b683886b) Importer(815301076,1909f56bfc062723c751e8b465ee728b)
Start importing Assets/Low Poly Furniture/Prefabs/Table/Round Table.prefab using Guid(0f76269ae1c485146a382146b683886b) Importer(815301076,1909f56bfc062723c751e8b465ee728b)  -> (artifact id: '233c5f82f909b4e899086e3ede29d325') in 0.022838 seconds 
========================================================================
Received Import Request.
  Time since last request: 0.000025 seconds.
  path: Assets/Low Poly Furniture/Prefabs/Bed/Double Bed.prefab
  artifactKey: Guid(6015f705b51ca814683b83a069df4575) Importer(815301076,1909f56bfc062723c751e8b465ee728b)
Start importing Assets/Low Poly Furniture/Prefabs/Bed/Double Bed.prefab using Guid(6015f705b51ca814683b83a069df4575) Importer(815301076,1909f56bfc062723c751e8b465ee728b)  -> (artifact id: '9c3bbaf920692b57bebca8722f48c096') in 0.024752 seconds 
========================================================================
Received Import Request.
  Time since last request: 0.000022 seconds.
  path: Assets/Low Poly Furniture/Prefabs/Book/Purple Book.prefab
  artifactKey: Guid(2bd5455a29123e64287c30781ba4c46b) Importer(815301076,1909f56bfc062723c751e8b465ee728b)
Start importing Assets/Low Poly Furniture/Prefabs/Book/Purple Book.prefab using Guid(2bd5455a29123e64287c30781ba4c46b) Importer(815301076,1909f56bfc062723c751e8b465ee728b)  -> (artifact id: '8808936eba3e2920e7d179ecc7295fc8') in 0.030983 seconds 
========================================================================
Received Import Request.
  Time since last request: 0.000020 seconds.
  path: Assets/Low Poly Furniture/Prefabs/Chair/Thin Chair.prefab
  artifactKey: Guid(3ca427402f0ef1347adc69f0ba78d0bf) Importer(815301076,1909f56bfc062723c751e8b465ee728b)
Start importing Assets/Low Poly Furniture/Prefabs/Chair/Thin Chair.prefab using Guid(3ca427402f0ef1347adc69f0ba78d0bf) Importer(815301076,1909f56bfc062723c751e8b465ee728b)  -> (artifact id: 'b41c7b4e58242b8c302044a1c01cb962') in 0.024839 seconds 
========================================================================
Received Import Request.
  Time since last request: 0.000023 seconds.
  path: Assets/Low Poly Furniture/Prefabs/Chair/Standart Chair.prefab
  artifactKey: Guid(f22bfcebbb016164480f1e0f1f6915b8) Importer(815301076,1909f56bfc062723c751e8b465ee728b)
Start importing Assets/Low Poly Furniture/Prefabs/Chair/Standart Chair.prefab using Guid(f22bfcebbb016164480f1e0f1f6915b8) Importer(815301076,1909f56bfc062723c751e8b465ee728b)  -> (artifact id: 'eb9d2217393810712e43a48ff7aabb24') in 0.022896 seconds 
========================================================================
Received Import Request.
  Time since last request: 0.000025 seconds.
  path: Assets/Low Poly Furniture/Prefabs/Screen/Gaming Screen.prefab
  artifactKey: Guid(72cea4de7aef0894c84d3b014858e185) Importer(815301076,1909f56bfc062723c751e8b465ee728b)
Start importing Assets/Low Poly Furniture/Prefabs/Screen/Gaming Screen.prefab using Guid(72cea4de7aef0894c84d3b014858e185) Importer(815301076,1909f56bfc062723c751e8b465ee728b)  -> (artifact id: 'd5c46e03d3a73b6ea3d208d80b3292ad') in 0.023555 seconds 
========================================================================
Received Import Request.
  Time since last request: 0.000027 seconds.
  path: Assets/Low Poly Furniture/Prefabs/Screen/Laptop.prefab
  artifactKey: Guid(89169722889f81e4eacf361fd33f5b8d) Importer(815301076,1909f56bfc062723c751e8b465ee728b)
Start importing Assets/Low Poly Furniture/Prefabs/Screen/Laptop.prefab using Guid(89169722889f81e4eacf361fd33f5b8d) Importer(815301076,1909f56bfc062723c751e8b465ee728b)  -> (artifact id: '605c07ed07b392bd525907cf1fc782f6') in 0.023273 seconds 
========================================================================
Received Import Request.
  Time since last request: 0.000024 seconds.
  path: Assets/Low Poly Furniture/Prefabs/Keyboard/Gaming Keyboard.prefab
  artifactKey: Guid(bb732cdb57d31d540bfe20144ec7aefa) Importer(815301076,1909f56bfc062723c751e8b465ee728b)
Start importing Assets/Low Poly Furniture/Prefabs/Keyboard/Gaming Keyboard.prefab using Guid(bb732cdb57d31d540bfe20144ec7aefa) Importer(815301076,1909f56bfc062723c751e8b465ee728b)  -> (artifact id: 'cbccb0f556469fc9f2ce695ee9132e70') in 0.022512 seconds 
========================================================================
Received Import Request.
  Time since last request: 0.000044 seconds.
  path: Assets/Low Poly Furniture/Prefabs/Bed/Single Bed.prefab
  artifactKey: Guid(1189904b73d88054fa88fa5c364c51f3) Importer(815301076,1909f56bfc062723c751e8b465ee728b)
Start importing Assets/Low Poly Furniture/Prefabs/Bed/Single Bed.prefab using Guid(1189904b73d88054fa88fa5c364c51f3) Importer(815301076,1909f56bfc062723c751e8b465ee728b)  -> (artifact id: '4e1e4d822fb19fefeee9e2e4a076488f') in 0.024796 seconds 
========================================================================
Received Import Request.
  Time since last request: 0.000022 seconds.
  path: Assets/Low Poly Furniture/Prefabs/Nightstand/Short Nightstand.prefab
  artifactKey: Guid(88d126b4de386094c87b9d404e6b833d) Importer(815301076,1909f56bfc062723c751e8b465ee728b)
Start importing Assets/Low Poly Furniture/Prefabs/Nightstand/Short Nightstand.prefab using Guid(88d126b4de386094c87b9d404e6b833d) Importer(815301076,1909f56bfc062723c751e8b465ee728b)  -> (artifact id: 'cd531588da5421e628e6ffcd27de2afe') in 0.023668 seconds 
========================================================================
Received Import Request.
  Time since last request: 79.975940 seconds.
  path: Assets/Low Poly Furniture/Prefabs/Lamp/Vaselamp.prefab
  artifactKey: Guid(196fafd1ecc6ad4499cfff0778350103) Importer(815301076,1909f56bfc062723c751e8b465ee728b)
Start importing Assets/Low Poly Furniture/Prefabs/Lamp/Vaselamp.prefab using Guid(196fafd1ecc6ad4499cfff0778350103) Importer(815301076,1909f56bfc062723c751e8b465ee728b)  -> (artifact id: '54239c5957bf57625d7928a1c6d828e7') in 0.020605 seconds 
========================================================================
Received Import Request.
  Time since last request: 0.000040 seconds.
  path: Assets/Low Poly Furniture/Prefabs/Bookshelf/Wall Bookshelf Small.prefab
  artifactKey: Guid(70c65ab571624df4786d8004c0a570c2) Importer(815301076,1909f56bfc062723c751e8b465ee728b)
Start importing Assets/Low Poly Furniture/Prefabs/Bookshelf/Wall Bookshelf Small.prefab using Guid(70c65ab571624df4786d8004c0a570c2) Importer(815301076,1909f56bfc062723c751e8b465ee728b)  -> (artifact id: '4432ec2d977a6847a2e588e452827511') in 0.022180 seconds 
========================================================================
Received Import Request.
  Time since last request: 0.000035 seconds.
  path: Assets/Low Poly Furniture/Prefabs/Vase/Yellow Vase.prefab
  artifactKey: Guid(ad406b2edb3da9942884b71642b7693b) Importer(815301076,1909f56bfc062723c751e8b465ee728b)
Start importing Assets/Low Poly Furniture/Prefabs/Vase/Yellow Vase.prefab using Guid(ad406b2edb3da9942884b71642b7693b) Importer(815301076,1909f56bfc062723c751e8b465ee728b)  -> (artifact id: 'ec3b1a5475b565d49be60ec7bac08df0') in 0.024276 seconds 
========================================================================
Received Import Request.
  Time since last request: 0.000040 seconds.
  path: Assets/Low Poly Furniture/Prefabs/Bookshelf/Wall Bookshelf Large.prefab
  artifactKey: Guid(90128d4c28d314d438e6f628dae06392) Importer(815301076,1909f56bfc062723c751e8b465ee728b)
Start importing Assets/Low Poly Furniture/Prefabs/Bookshelf/Wall Bookshelf Large.prefab using Guid(90128d4c28d314d438e6f628dae06392) Importer(815301076,1909f56bfc062723c751e8b465ee728b)  -> (artifact id: 'f70fe06e3e7e2c37663cc721dd5636f5') in 0.019117 seconds 
========================================================================
Received Import Request.
  Time since last request: 0.000024 seconds.
  path: Assets/Low Poly Furniture/Prefabs/Book/Yellow Book.prefab
  artifactKey: Guid(26492f5dcfa40dc45851efb6af9c985a) Importer(815301076,1909f56bfc062723c751e8b465ee728b)
Start importing Assets/Low Poly Furniture/Prefabs/Book/Yellow Book.prefab using Guid(26492f5dcfa40dc45851efb6af9c985a) Importer(815301076,1909f56bfc062723c751e8b465ee728b)  -> (artifact id: 'ec0da24481450cff831518ae38e6a1a4') in 0.023703 seconds 
Editor requested this worker to shutdown with reason: Scaling down because of idle timeout
AssetImportWorker is now disconnected from the server
Process exiting
Exiting without the bug reporter. Application will terminate with return code 0